#
# A fatal error has been detected by the Java Runtime Environment:
#
#  EXCEPTION_ACCESS_VIOLATION (0xc0000005) at pc=0x00007fffce7f1f23, pid=9200, tid=15244
#
# JRE version: Java(TM) SE Runtime Environment (17.0.7+8) (build 17.0.7+8-LTS-224)
# Java VM: Java HotSpot(TM) 64-Bit Server VM (17.0.7+8-LTS-224, mixed mode, sharing, tiered, compressed oops, compressed class ptrs, g1 gc, windows-amd64)
# Problematic frame:
# V  [jvm.dll+0x3e1f23]
#
# No core dump will be written. Minidumps are not enabled by default on client versions of Windows
#
# If you would like to submit a bug report, please visit:
#   https://bugreport.java.com/bugreport/crash.jsp
#

---------------  S U M M A R Y ------------

Command Line: -Dfile.encoding=UTF-8 -XX:+ShowCodeDetailsInExceptionMessages br.com.caelum.contas.main.TestaJar

Host: Intel(R) Core(TM) i5-3470 CPU @ 3.20GHz, 4 cores, 7G,  Windows 10 , 64 bit Build 19041 (10.0.19041.3636)
Time: Tue Apr 30 20:28:33 2024 Hora oficial do Brasil elapsed time: 0.614006 seconds (0d 0h 0m 0s)

---------------  T H R E A D  ---------------

Current thread (0x00000189f00bc1f0):  JavaThread "WindowsNativeRunloopThread" [_thread_in_vm, id=15244, stack(0x00000051ac200000,0x00000051ac300000)]

Stack: [0x00000051ac200000,0x00000051ac300000],  sp=0x00000051ac2ff010,  free space=1020k
Native frames: (J=compiled Java code, j=interpreted, Vv=VM code, C=native code)
V  [jvm.dll+0x3e1f23]
C  [glass.dll+0x504c]

Java frames: (J=compiled Java code, j=interpreted, Vv=VM code)
j  com.sun.glass.ui.win.WinApplication._runLoop(Ljava/lang/Runnable;)V+0
j  com.sun.glass.ui.win.WinApplication.lambda$runLoop$3(ILjava/lang/Runnable;)V+8
j  com.sun.glass.ui.win.WinApplication$$Lambda$76+0x0000000800c34000.run()V+12
j  java.lang.Thread.run()V+11 java.base@17.0.7
v  ~StubRoutines::call_stub

siginfo: EXCEPTION_ACCESS_VIOLATION (0xc0000005), reading address 0x0000000000000000


Register to memory mapping:

RIP=0x00007fffce7f1f23 jvm.dll
RAX=0x0 is NULL
RBX=0x00000189f00bc1f0 is a thread
RCX=0x00000189f00bc498 points into unknown readable memory: 0x00007fffceeb0660 | 60 06 eb ce ff 7f 00 00
RDX=0x00000051ac2ff1f8 is pointing into the stack for thread: 0x00000189f00bc1f0
RSP=0x00000051ac2ff010 is pointing into the stack for thread: 0x00000189f00bc1f0
RBP=0x00000051ac2ff118 is pointing into the stack for thread: 0x00000189f00bc1f0
RSI=0x0 is NULL
RDI=0x00000189f00bc498 points into unknown readable memory: 0x00007fffceeb0660 | 60 06 eb ce ff 7f 00 00
R8 =0x0 is NULL
R9 =0x00000051ac2ff118 is pointing into the stack for thread: 0x00000189f00bc1f0
R10=0x0 is NULL
R11=0x0000000000000246 is an unknown value
R12=0x0 is NULL
R13={method} {0x00000189ef4f52b0} '_runLoop' '(Ljava/lang/Runnable;)V' in 'com/sun/glass/ui/win/WinApplication'
R14=0x00000051ac2ff1f8 is pointing into the stack for thread: 0x00000189f00bc1f0
R15=0x00000189f00bc1f0 is a thread


Registers:
RAX=0x0000000000000000, RBX=0x00000189f00bc1f0, RCX=0x00000189f00bc498, RDX=0x00000051ac2ff1f8
RSP=0x00000051ac2ff010, RBP=0x00000051ac2ff118, RSI=0x0000000000000000, RDI=0x00000189f00bc498
R8 =0x0000000000000000, R9 =0x00000051ac2ff118, R10=0x0000000000000000, R11=0x0000000000000246
R12=0x0000000000000000, R13=0x00000189ef4f52a8, R14=0x00000051ac2ff1f8, R15=0x00000189f00bc1f0
RIP=0x00007fffce7f1f23, EFLAGS=0x0000000000010246

Top of Stack: (sp=0x00000051ac2ff010)
0x00000051ac2ff010:   0000000000000000 00007ff83b0b38d6
0x00000051ac2ff020:   0000000000000000 00000051ac2ff038
0x00000051ac2ff030:   0000b91354165258 0000000000320030
0x00000051ac2ff040:   00007ff83a0cac28 00007ff839ff8334
0x00000051ac2ff050:   00007ff83a0ef2b0 00007ff8388fc51b
0x00000051ac2ff060:   00000189f00bc1f0 0000000000000000
0x00000051ac2ff070:   0000000000000000 0000000000000000
0x00000051ac2ff080:   00000189f00bcb40 00007ff83a7f407f
0x00000051ac2ff090:   0000000000180016 00007ff83a0cabe8
0x00000051ac2ff0a0:   00000051ac2ff090 0000000000000000
0x00000051ac2ff0b0:   00000189f00bc1f0 00000051ac2ff200
0x00000051ac2ff0c0:   00000189f00bc498 00007ff80ed9504c
0x00000051ac2ff0d0:   0000000000000000 00000051ac2ff1d8
0x00000051ac2ff0e0:   00000051ac2ff1f8 00000189f00bc498
0x00000051ac2ff0f0:   00000051ac2ff1f8 00007ff80ed9a716
0x00000051ac2ff100:   00000189ef4f52a8 0000018900000000 

Instructions: (pc=0x00007fffce7f1f23)
0x00007fffce7f1e23:   48 89 41 10 48 8b 4b 08 48 8b 43 18 48 89 41 18
0x00007fffce7f1e33:   48 8b 4b 08 48 8b 43 20 48 89 41 20 48 8d 8f 88
0x00007fffce7f1e43:   02 00 00 e8 65 63 ee ff 90 c7 87 38 03 00 00 04
0x00007fffce7f1e53:   00 00 00 48 81 c4 b8 00 00 00 41 5f 41 5e 5f 5e
0x00007fffce7f1e63:   5d 5b c3 cc cc cc cc cc cc cc cc cc cc 48 89 5c
0x00007fffce7f1e73:   24 08 48 89 6c 24 10 48 89 74 24 18 57 41 56 41
0x00007fffce7f1e83:   57 48 81 ec a0 00 00 00 8b 81 b8 00 00 00 48 8d
0x00007fffce7f1e93:   99 58 fd ff ff 05 55 21 ff ff 49 8b e9 49 8b f0
0x00007fffce7f1ea3:   4c 8b f2 48 8b f9 83 f8 01 76 0a 48 8b cb e8 0a
0x00007fffce7f1eb3:   56 3a 00 33 db c7 83 38 03 00 00 05 00 00 00 e8
0x00007fffce7f1ec3:   d9 5d 28 00 90 48 8b 83 40 03 00 00 a8 01 74 0a
0x00007fffce7f1ed3:   b2 01 48 8b cb e8 93 5d 2f 00 83 bb 2c 03 00 00
0x00007fffce7f1ee3:   00 75 0a 8b 83 28 03 00 00 a8 0c 74 0a 33 d2 48
0x00007fffce7f1ef3:   8b cb e8 a6 7d 3a 00 c7 83 38 03 00 00 06 00 00
0x00007fffce7f1f03:   00 48 83 7b 08 00 48 89 5c 24 50 48 c7 44 24 58
0x00007fffce7f1f13:   00 00 00 00 74 0a 48 8d 4c 24 50 e8 ed f9 2b 00
0x00007fffce7f1f23:   48 8b 16 48 8d 4c 24 70 c7 44 24 40 0e 00 00 00
0x00007fffce7f1f33:   e8 18 85 00 00 48 8d 44 24 70 48 89 5c 24 30 48
0x00007fffce7f1f43:   89 44 24 28 4c 8d 3d 8a c0 52 00 41 b9 01 00 00
0x00007fffce7f1f53:   00 48 89 74 24 20 4d 8b c6 4c 89 7c 24 70 48 8d
0x00007fffce7f1f63:   54 24 40 48 89 ac 24 98 00 00 00 48 8b cf e8 fa
0x00007fffce7f1f73:   95 00 00 48 83 7c 24 58 00 4c 89 7c 24 70 48 c7
0x00007fffce7f1f83:   84 24 98 00 00 00 00 00 00 00 74 0a 48 8d 4c 24
0x00007fffce7f1f93:   50 e8 17 fa 2b 00 48 8b bb e8 00 00 00 48 8b 47
0x00007fffce7f1fa3:   10 48 83 38 00 74 08 48 8b cf e8 0e 6d f6 ff 48
0x00007fffce7f1fb3:   8b 4f 08 48 8b d3 48 8b 47 10 48 89 41 10 48 8b
0x00007fffce7f1fc3:   4f 08 48 8b 47 18 48 89 41 18 48 8b 4f 08 48 8b
0x00007fffce7f1fd3:   47 20 48 89 41 20 48 8d 8b 88 02 00 00 e8 cb 61
0x00007fffce7f1fe3:   ee ff 4c 8d 9c 24 a0 00 00 00 90 49 8b 6b 28 49
0x00007fffce7f1ff3:   8b 73 30 c7 83 38 03 00 00 04 00 00 00 49 8b 5b
0x00007fffce7f2003:   20 49 8b e3 41 5f 41 5e 5f c3 cc cc cc 48 89 5c
0x00007fffce7f2013:   24 08 48 89 6c 24 10 48 89 74 24 18 48 89 7c 24 


Stack slot to memory mapping:
stack at sp + 0 slots: 0x0 is NULL
stack at sp + 1 slots: 0x00007ff83b0b38d6 ntdll.dll
stack at sp + 2 slots: 0x0 is NULL
stack at sp + 3 slots: 0x00000051ac2ff038 is pointing into the stack for thread: 0x00000189f00bc1f0
stack at sp + 4 slots: 0x0000b91354165258 is an unknown value
stack at sp + 5 slots: 0x0000000000320030 is an unknown value
stack at sp + 6 slots: 0x00007ff83a0cac28 ole32.dll
stack at sp + 7 slots: 0x00007ff839ff8334 ole32.dll


---------------  P R O C E S S  ---------------

Threads class SMR info:
_java_thread_list=0x00000189f00b9c80, length=17, elements={
0x00000189d15630c0, 0x00000189eede8c00, 0x00000189eedea420, 0x00000189eedf98e0,
0x00000189eedfb950, 0x00000189eedfc210, 0x00000189eedfd270, 0x00000189eee03b40,
0x00000189eee09460, 0x00000189eee42520, 0x00000189ef8c1190, 0x00000189ef8d01c0,
0x00000189ef9b5620, 0x00000189efb70910, 0x00000189f0044930, 0x00000189f00bb420,
0x00000189f00bc1f0
}

Java Threads: ( => current thread )
  0x00000189d15630c0 JavaThread "main" [_thread_blocked, id=5612, stack(0x00000051aaa00000,0x00000051aab00000)]
  0x00000189eede8c00 JavaThread "Reference Handler" daemon [_thread_blocked, id=15108, stack(0x00000051ab100000,0x00000051ab200000)]
  0x00000189eedea420 JavaThread "Finalizer" daemon [_thread_blocked, id=1056, stack(0x00000051ab200000,0x00000051ab300000)]
  0x00000189eedf98e0 JavaThread "Signal Dispatcher" daemon [_thread_blocked, id=10152, stack(0x00000051ab400000,0x00000051ab500000)]
  0x00000189eedfb950 JavaThread "Attach Listener" daemon [_thread_blocked, id=10888, stack(0x00000051ab500000,0x00000051ab600000)]
  0x00000189eedfc210 JavaThread "Service Thread" daemon [_thread_blocked, id=11492, stack(0x00000051ab600000,0x00000051ab700000)]
  0x00000189eedfd270 JavaThread "Monitor Deflation Thread" daemon [_thread_blocked, id=9340, stack(0x00000051ab700000,0x00000051ab800000)]
  0x00000189eee03b40 JavaThread "C2 CompilerThread0" daemon [_thread_blocked, id=10900, stack(0x00000051ab800000,0x00000051ab900000)]
  0x00000189eee09460 JavaThread "C1 CompilerThread0" daemon [_thread_blocked, id=6620, stack(0x00000051ab900000,0x00000051aba00000)]
  0x00000189eee42520 JavaThread "Sweeper thread" daemon [_thread_blocked, id=10244, stack(0x00000051aba00000,0x00000051abb00000)]
  0x00000189ef8c1190 JavaThread "Notification Thread" daemon [_thread_blocked, id=2312, stack(0x00000051abb00000,0x00000051abc00000)]
  0x00000189ef8d01c0 JavaThread "Common-Cleaner" daemon [_thread_blocked, id=1468, stack(0x00000051abd00000,0x00000051abe00000)]
  0x00000189ef9b5620 JavaThread "JavaFX-Launcher" [_thread_blocked, id=16104, stack(0x00000051abe00000,0x00000051abf00000)]
  0x00000189efb70910 JavaThread "C2 CompilerThread1" daemon [_thread_blocked, id=5824, stack(0x00000051abf00000,0x00000051ac000000)]
  0x00000189f0044930 JavaThread "QuantumRenderer-0" daemon [_thread_blocked, id=5340, stack(0x00000051ac000000,0x00000051ac100000)]
  0x00000189f00bb420 JavaThread "InvokeLaterDispatcher" daemon [_thread_blocked, id=6508, stack(0x00000051ac100000,0x00000051ac200000)]
=>0x00000189f00bc1f0 JavaThread "WindowsNativeRunloopThread" [_thread_in_vm, id=15244, stack(0x00000051ac200000,0x00000051ac300000)]

Other Threads:
  0x00000189eede0d80 VMThread "VM Thread" [stack: 0x00000051ab000000,0x00000051ab100000] [id=9628]
  0x00000189ef8c5680 WatcherThread [stack: 0x00000051abc00000,0x00000051abd00000] [id=10164]
  0x00000189d15bd3e0 GCTaskThread "GC Thread#0" [stack: 0x00000051aab00000,0x00000051aac00000] [id=7760]
  0x00000189d15cf760 ConcurrentGCThread "G1 Main Marker" [stack: 0x00000051aac00000,0x00000051aad00000] [id=2420]
  0x00000189d15d0080 ConcurrentGCThread "G1 Conc#0" [stack: 0x00000051aad00000,0x00000051aae00000] [id=15716]
  0x00000189eeca0090 ConcurrentGCThread "G1 Refine#0" [stack: 0x00000051aae00000,0x00000051aaf00000] [id=12788]
  0x00000189eeca18d0 ConcurrentGCThread "G1 Service" [stack: 0x00000051aaf00000,0x00000051ab000000] [id=13672]

Threads with active compile tasks:

VM state: not at safepoint (normal execution)

VM Mutex/Monitor currently owned by a thread: None

Heap address: 0x0000000081400000, size: 2028 MB, Compressed Oops mode: 32-bit

CDS archive(s) mapped at: [0x0000000800000000-0x0000000800bd0000-0x0000000800bd0000), size 12386304, SharedBaseAddress: 0x0000000800000000, ArchiveRelocationMode: 0.
Compressed class space mapped at: 0x0000000800c00000-0x0000000840c00000, reserved size: 1073741824
Narrow klass base: 0x0000000800000000, Narrow klass shift: 0, Narrow klass range: 0x100000000

GC Precious Log:
 CPUs: 4 total, 4 available
 Memory: 8110M
 Large Page Support: Disabled
 NUMA Support: Disabled
 Compressed Oops: Enabled (32-bit)
 Heap Region Size: 1M
 Heap Min Capacity: 8M
 Heap Initial Capacity: 128M
 Heap Max Capacity: 2028M
 Pre-touch: Disabled
 Parallel Workers: 4
 Concurrent Workers: 1
 Concurrent Refinement Workers: 4
 Periodic GC: Disabled

Heap:
 garbage-first heap   total 131072K, used 12288K [0x0000000081400000, 0x0000000100000000)
  region size 1024K, 12 young (12288K), 0 survivors (0K)
 Metaspace       used 3385K, committed 3584K, reserved 1056768K
  class space    used 347K, committed 448K, reserved 1048576K

Heap Regions: E=young(eden), S=young(survivor), O=old, HS=humongous(starts), HC=humongous(continues), CS=collection set, F=free, OA=open archive, CA=closed archive, TAMS=top-at-mark-start (previous, next)
|   0|0x0000000081400000, 0x0000000081500000, 0x0000000081500000|100%|HS|  |TAMS 0x0000000081400000, 0x0000000081400000| Complete 
|   1|0x0000000081500000, 0x0000000081500000, 0x0000000081600000|  0%| F|  |TAMS 0x0000000081500000, 0x0000000081500000| Untracked 
|   2|0x0000000081600000, 0x0000000081600000, 0x0000000081700000|  0%| F|  |TAMS 0x0000000081600000, 0x0000000081600000| Untracked 
|   3|0x0000000081700000, 0x0000000081700000, 0x0000000081800000|  0%| F|  |TAMS 0x0000000081700000, 0x0000000081700000| Untracked 
|   4|0x0000000081800000, 0x0000000081800000, 0x0000000081900000|  0%| F|  |TAMS 0x0000000081800000, 0x0000000081800000| Untracked 
|   5|0x0000000081900000, 0x0000000081900000, 0x0000000081a00000|  0%| F|  |TAMS 0x0000000081900000, 0x0000000081900000| Untracked 
|   6|0x0000000081a00000, 0x0000000081a00000, 0x0000000081b00000|  0%| F|  |TAMS 0x0000000081a00000, 0x0000000081a00000| Untracked 
|   7|0x0000000081b00000, 0x0000000081b00000, 0x0000000081c00000|  0%| F|  |TAMS 0x0000000081b00000, 0x0000000081b00000| Untracked 
|   8|0x0000000081c00000, 0x0000000081c00000, 0x0000000081d00000|  0%| F|  |TAMS 0x0000000081c00000, 0x0000000081c00000| Untracked 
|   9|0x0000000081d00000, 0x0000000081d00000, 0x0000000081e00000|  0%| F|  |TAMS 0x0000000081d00000, 0x0000000081d00000| Untracked 
|  10|0x0000000081e00000, 0x0000000081e00000, 0x0000000081f00000|  0%| F|  |TAMS 0x0000000081e00000, 0x0000000081e00000| Untracked 
|  11|0x0000000081f00000, 0x0000000081f00000, 0x0000000082000000|  0%| F|  |TAMS 0x0000000081f00000, 0x0000000081f00000| Untracked 
|  12|0x0000000082000000, 0x0000000082000000, 0x0000000082100000|  0%| F|  |TAMS 0x0000000082000000, 0x0000000082000000| Untracked 
|  13|0x0000000082100000, 0x0000000082100000, 0x0000000082200000|  0%| F|  |TAMS 0x0000000082100000, 0x0000000082100000| Untracked 
|  14|0x0000000082200000, 0x0000000082200000, 0x0000000082300000|  0%| F|  |TAMS 0x0000000082200000, 0x0000000082200000| Untracked 
|  15|0x0000000082300000, 0x0000000082300000, 0x0000000082400000|  0%| F|  |TAMS 0x0000000082300000, 0x0000000082300000| Untracked 
|  16|0x0000000082400000, 0x0000000082400000, 0x0000000082500000|  0%| F|  |TAMS 0x0000000082400000, 0x0000000082400000| Untracked 
|  17|0x0000000082500000, 0x0000000082500000, 0x0000000082600000|  0%| F|  |TAMS 0x0000000082500000, 0x0000000082500000| Untracked 
|  18|0x0000000082600000, 0x0000000082600000, 0x0000000082700000|  0%| F|  |TAMS 0x0000000082600000, 0x0000000082600000| Untracked 
|  19|0x0000000082700000, 0x0000000082700000, 0x0000000082800000|  0%| F|  |TAMS 0x0000000082700000, 0x0000000082700000| Untracked 
|  20|0x0000000082800000, 0x0000000082800000, 0x0000000082900000|  0%| F|  |TAMS 0x0000000082800000, 0x0000000082800000| Untracked 
|  21|0x0000000082900000, 0x0000000082900000, 0x0000000082a00000|  0%| F|  |TAMS 0x0000000082900000, 0x0000000082900000| Untracked 
|  22|0x0000000082a00000, 0x0000000082a00000, 0x0000000082b00000|  0%| F|  |TAMS 0x0000000082a00000, 0x0000000082a00000| Untracked 
|  23|0x0000000082b00000, 0x0000000082b00000, 0x0000000082c00000|  0%| F|  |TAMS 0x0000000082b00000, 0x0000000082b00000| Untracked 
|  24|0x0000000082c00000, 0x0000000082c00000, 0x0000000082d00000|  0%| F|  |TAMS 0x0000000082c00000, 0x0000000082c00000| Untracked 
|  25|0x0000000082d00000, 0x0000000082d00000, 0x0000000082e00000|  0%| F|  |TAMS 0x0000000082d00000, 0x0000000082d00000| Untracked 
|  26|0x0000000082e00000, 0x0000000082e00000, 0x0000000082f00000|  0%| F|  |TAMS 0x0000000082e00000, 0x0000000082e00000| Untracked 
|  27|0x0000000082f00000, 0x0000000082f00000, 0x0000000083000000|  0%| F|  |TAMS 0x0000000082f00000, 0x0000000082f00000| Untracked 
|  28|0x0000000083000000, 0x0000000083000000, 0x0000000083100000|  0%| F|  |TAMS 0x0000000083000000, 0x0000000083000000| Untracked 
|  29|0x0000000083100000, 0x0000000083100000, 0x0000000083200000|  0%| F|  |TAMS 0x0000000083100000, 0x0000000083100000| Untracked 
|  30|0x0000000083200000, 0x0000000083200000, 0x0000000083300000|  0%| F|  |TAMS 0x0000000083200000, 0x0000000083200000| Untracked 
|  31|0x0000000083300000, 0x0000000083300000, 0x0000000083400000|  0%| F|  |TAMS 0x0000000083300000, 0x0000000083300000| Untracked 
|  32|0x0000000083400000, 0x0000000083400000, 0x0000000083500000|  0%| F|  |TAMS 0x0000000083400000, 0x0000000083400000| Untracked 
|  33|0x0000000083500000, 0x0000000083500000, 0x0000000083600000|  0%| F|  |TAMS 0x0000000083500000, 0x0000000083500000| Untracked 
|  34|0x0000000083600000, 0x0000000083600000, 0x0000000083700000|  0%| F|  |TAMS 0x0000000083600000, 0x0000000083600000| Untracked 
|  35|0x0000000083700000, 0x0000000083700000, 0x0000000083800000|  0%| F|  |TAMS 0x0000000083700000, 0x0000000083700000| Untracked 
|  36|0x0000000083800000, 0x0000000083800000, 0x0000000083900000|  0%| F|  |TAMS 0x0000000083800000, 0x0000000083800000| Untracked 
|  37|0x0000000083900000, 0x0000000083900000, 0x0000000083a00000|  0%| F|  |TAMS 0x0000000083900000, 0x0000000083900000| Untracked 
|  38|0x0000000083a00000, 0x0000000083a00000, 0x0000000083b00000|  0%| F|  |TAMS 0x0000000083a00000, 0x0000000083a00000| Untracked 
|  39|0x0000000083b00000, 0x0000000083b00000, 0x0000000083c00000|  0%| F|  |TAMS 0x0000000083b00000, 0x0000000083b00000| Untracked 
|  40|0x0000000083c00000, 0x0000000083c00000, 0x0000000083d00000|  0%| F|  |TAMS 0x0000000083c00000, 0x0000000083c00000| Untracked 
|  41|0x0000000083d00000, 0x0000000083d00000, 0x0000000083e00000|  0%| F|  |TAMS 0x0000000083d00000, 0x0000000083d00000| Untracked 
|  42|0x0000000083e00000, 0x0000000083e00000, 0x0000000083f00000|  0%| F|  |TAMS 0x0000000083e00000, 0x0000000083e00000| Untracked 
|  43|0x0000000083f00000, 0x0000000083f00000, 0x0000000084000000|  0%| F|  |TAMS 0x0000000083f00000, 0x0000000083f00000| Untracked 
|  44|0x0000000084000000, 0x0000000084000000, 0x0000000084100000|  0%| F|  |TAMS 0x0000000084000000, 0x0000000084000000| Untracked 
|  45|0x0000000084100000, 0x0000000084100000, 0x0000000084200000|  0%| F|  |TAMS 0x0000000084100000, 0x0000000084100000| Untracked 
|  46|0x0000000084200000, 0x0000000084200000, 0x0000000084300000|  0%| F|  |TAMS 0x0000000084200000, 0x0000000084200000| Untracked 
|  47|0x0000000084300000, 0x0000000084300000, 0x0000000084400000|  0%| F|  |TAMS 0x0000000084300000, 0x0000000084300000| Untracked 
|  48|0x0000000084400000, 0x0000000084400000, 0x0000000084500000|  0%| F|  |TAMS 0x0000000084400000, 0x0000000084400000| Untracked 
|  49|0x0000000084500000, 0x0000000084500000, 0x0000000084600000|  0%| F|  |TAMS 0x0000000084500000, 0x0000000084500000| Untracked 
|  50|0x0000000084600000, 0x0000000084600000, 0x0000000084700000|  0%| F|  |TAMS 0x0000000084600000, 0x0000000084600000| Untracked 
|  51|0x0000000084700000, 0x0000000084700000, 0x0000000084800000|  0%| F|  |TAMS 0x0000000084700000, 0x0000000084700000| Untracked 
|  52|0x0000000084800000, 0x0000000084800000, 0x0000000084900000|  0%| F|  |TAMS 0x0000000084800000, 0x0000000084800000| Untracked 
|  53|0x0000000084900000, 0x0000000084900000, 0x0000000084a00000|  0%| F|  |TAMS 0x0000000084900000, 0x0000000084900000| Untracked 
|  54|0x0000000084a00000, 0x0000000084a00000, 0x0000000084b00000|  0%| F|  |TAMS 0x0000000084a00000, 0x0000000084a00000| Untracked 
|  55|0x0000000084b00000, 0x0000000084b00000, 0x0000000084c00000|  0%| F|  |TAMS 0x0000000084b00000, 0x0000000084b00000| Untracked 
|  56|0x0000000084c00000, 0x0000000084c00000, 0x0000000084d00000|  0%| F|  |TAMS 0x0000000084c00000, 0x0000000084c00000| Untracked 
|  57|0x0000000084d00000, 0x0000000084d00000, 0x0000000084e00000|  0%| F|  |TAMS 0x0000000084d00000, 0x0000000084d00000| Untracked 
|  58|0x0000000084e00000, 0x0000000084e00000, 0x0000000084f00000|  0%| F|  |TAMS 0x0000000084e00000, 0x0000000084e00000| Untracked 
|  59|0x0000000084f00000, 0x0000000084f00000, 0x0000000085000000|  0%| F|  |TAMS 0x0000000084f00000, 0x0000000084f00000| Untracked 
|  60|0x0000000085000000, 0x0000000085000000, 0x0000000085100000|  0%| F|  |TAMS 0x0000000085000000, 0x0000000085000000| Untracked 
|  61|0x0000000085100000, 0x0000000085100000, 0x0000000085200000|  0%| F|  |TAMS 0x0000000085100000, 0x0000000085100000| Untracked 
|  62|0x0000000085200000, 0x0000000085200000, 0x0000000085300000|  0%| F|  |TAMS 0x0000000085200000, 0x0000000085200000| Untracked 
|  63|0x0000000085300000, 0x0000000085300000, 0x0000000085400000|  0%| F|  |TAMS 0x0000000085300000, 0x0000000085300000| Untracked 
|  64|0x0000000085400000, 0x0000000085400000, 0x0000000085500000|  0%| F|  |TAMS 0x0000000085400000, 0x0000000085400000| Untracked 
|  65|0x0000000085500000, 0x0000000085500000, 0x0000000085600000|  0%| F|  |TAMS 0x0000000085500000, 0x0000000085500000| Untracked 
|  66|0x0000000085600000, 0x0000000085600000, 0x0000000085700000|  0%| F|  |TAMS 0x0000000085600000, 0x0000000085600000| Untracked 
|  67|0x0000000085700000, 0x0000000085700000, 0x0000000085800000|  0%| F|  |TAMS 0x0000000085700000, 0x0000000085700000| Untracked 
|  68|0x0000000085800000, 0x0000000085800000, 0x0000000085900000|  0%| F|  |TAMS 0x0000000085800000, 0x0000000085800000| Untracked 
|  69|0x0000000085900000, 0x0000000085900000, 0x0000000085a00000|  0%| F|  |TAMS 0x0000000085900000, 0x0000000085900000| Untracked 
|  70|0x0000000085a00000, 0x0000000085a00000, 0x0000000085b00000|  0%| F|  |TAMS 0x0000000085a00000, 0x0000000085a00000| Untracked 
|  71|0x0000000085b00000, 0x0000000085b00000, 0x0000000085c00000|  0%| F|  |TAMS 0x0000000085b00000, 0x0000000085b00000| Untracked 
|  72|0x0000000085c00000, 0x0000000085c00000, 0x0000000085d00000|  0%| F|  |TAMS 0x0000000085c00000, 0x0000000085c00000| Untracked 
|  73|0x0000000085d00000, 0x0000000085d00000, 0x0000000085e00000|  0%| F|  |TAMS 0x0000000085d00000, 0x0000000085d00000| Untracked 
|  74|0x0000000085e00000, 0x0000000085e00000, 0x0000000085f00000|  0%| F|  |TAMS 0x0000000085e00000, 0x0000000085e00000| Untracked 
|  75|0x0000000085f00000, 0x0000000085f00000, 0x0000000086000000|  0%| F|  |TAMS 0x0000000085f00000, 0x0000000085f00000| Untracked 
|  76|0x0000000086000000, 0x0000000086000000, 0x0000000086100000|  0%| F|  |TAMS 0x0000000086000000, 0x0000000086000000| Untracked 
|  77|0x0000000086100000, 0x0000000086100000, 0x0000000086200000|  0%| F|  |TAMS 0x0000000086100000, 0x0000000086100000| Untracked 
|  78|0x0000000086200000, 0x0000000086200000, 0x0000000086300000|  0%| F|  |TAMS 0x0000000086200000, 0x0000000086200000| Untracked 
|  79|0x0000000086300000, 0x0000000086300000, 0x0000000086400000|  0%| F|  |TAMS 0x0000000086300000, 0x0000000086300000| Untracked 
|  80|0x0000000086400000, 0x0000000086400000, 0x0000000086500000|  0%| F|  |TAMS 0x0000000086400000, 0x0000000086400000| Untracked 
|  81|0x0000000086500000, 0x0000000086500000, 0x0000000086600000|  0%| F|  |TAMS 0x0000000086500000, 0x0000000086500000| Untracked 
|  82|0x0000000086600000, 0x0000000086600000, 0x0000000086700000|  0%| F|  |TAMS 0x0000000086600000, 0x0000000086600000| Untracked 
|  83|0x0000000086700000, 0x0000000086700000, 0x0000000086800000|  0%| F|  |TAMS 0x0000000086700000, 0x0000000086700000| Untracked 
|  84|0x0000000086800000, 0x0000000086800000, 0x0000000086900000|  0%| F|  |TAMS 0x0000000086800000, 0x0000000086800000| Untracked 
|  85|0x0000000086900000, 0x0000000086900000, 0x0000000086a00000|  0%| F|  |TAMS 0x0000000086900000, 0x0000000086900000| Untracked 
|  86|0x0000000086a00000, 0x0000000086a00000, 0x0000000086b00000|  0%| F|  |TAMS 0x0000000086a00000, 0x0000000086a00000| Untracked 
|  87|0x0000000086b00000, 0x0000000086b00000, 0x0000000086c00000|  0%| F|  |TAMS 0x0000000086b00000, 0x0000000086b00000| Untracked 
|  88|0x0000000086c00000, 0x0000000086c00000, 0x0000000086d00000|  0%| F|  |TAMS 0x0000000086c00000, 0x0000000086c00000| Untracked 
|  89|0x0000000086d00000, 0x0000000086d00000, 0x0000000086e00000|  0%| F|  |TAMS 0x0000000086d00000, 0x0000000086d00000| Untracked 
|  90|0x0000000086e00000, 0x0000000086e00000, 0x0000000086f00000|  0%| F|  |TAMS 0x0000000086e00000, 0x0000000086e00000| Untracked 
|  91|0x0000000086f00000, 0x0000000086f00000, 0x0000000087000000|  0%| F|  |TAMS 0x0000000086f00000, 0x0000000086f00000| Untracked 
|  92|0x0000000087000000, 0x0000000087000000, 0x0000000087100000|  0%| F|  |TAMS 0x0000000087000000, 0x0000000087000000| Untracked 
|  93|0x0000000087100000, 0x0000000087100000, 0x0000000087200000|  0%| F|  |TAMS 0x0000000087100000, 0x0000000087100000| Untracked 
|  94|0x0000000087200000, 0x0000000087200000, 0x0000000087300000|  0%| F|  |TAMS 0x0000000087200000, 0x0000000087200000| Untracked 
|  95|0x0000000087300000, 0x0000000087300000, 0x0000000087400000|  0%| F|  |TAMS 0x0000000087300000, 0x0000000087300000| Untracked 
|  96|0x0000000087400000, 0x0000000087400000, 0x0000000087500000|  0%| F|  |TAMS 0x0000000087400000, 0x0000000087400000| Untracked 
|  97|0x0000000087500000, 0x0000000087500000, 0x0000000087600000|  0%| F|  |TAMS 0x0000000087500000, 0x0000000087500000| Untracked 
|  98|0x0000000087600000, 0x0000000087600000, 0x0000000087700000|  0%| F|  |TAMS 0x0000000087600000, 0x0000000087600000| Untracked 
|  99|0x0000000087700000, 0x0000000087700000, 0x0000000087800000|  0%| F|  |TAMS 0x0000000087700000, 0x0000000087700000| Untracked 
| 100|0x0000000087800000, 0x0000000087800000, 0x0000000087900000|  0%| F|  |TAMS 0x0000000087800000, 0x0000000087800000| Untracked 
| 101|0x0000000087900000, 0x0000000087900000, 0x0000000087a00000|  0%| F|  |TAMS 0x0000000087900000, 0x0000000087900000| Untracked 
| 102|0x0000000087a00000, 0x0000000087a00000, 0x0000000087b00000|  0%| F|  |TAMS 0x0000000087a00000, 0x0000000087a00000| Untracked 
| 103|0x0000000087b00000, 0x0000000087b00000, 0x0000000087c00000|  0%| F|  |TAMS 0x0000000087b00000, 0x0000000087b00000| Untracked 
| 104|0x0000000087c00000, 0x0000000087c00000, 0x0000000087d00000|  0%| F|  |TAMS 0x0000000087c00000, 0x0000000087c00000| Untracked 
| 105|0x0000000087d00000, 0x0000000087d00000, 0x0000000087e00000|  0%| F|  |TAMS 0x0000000087d00000, 0x0000000087d00000| Untracked 
| 106|0x0000000087e00000, 0x0000000087e00000, 0x0000000087f00000|  0%| F|  |TAMS 0x0000000087e00000, 0x0000000087e00000| Untracked 
| 107|0x0000000087f00000, 0x0000000087f00000, 0x0000000088000000|  0%| F|  |TAMS 0x0000000087f00000, 0x0000000087f00000| Untracked 
| 108|0x0000000088000000, 0x0000000088000000, 0x0000000088100000|  0%| F|  |TAMS 0x0000000088000000, 0x0000000088000000| Untracked 
| 109|0x0000000088100000, 0x0000000088100000, 0x0000000088200000|  0%| F|  |TAMS 0x0000000088100000, 0x0000000088100000| Untracked 
| 110|0x0000000088200000, 0x0000000088200000, 0x0000000088300000|  0%| F|  |TAMS 0x0000000088200000, 0x0000000088200000| Untracked 
| 111|0x0000000088300000, 0x0000000088300000, 0x0000000088400000|  0%| F|  |TAMS 0x0000000088300000, 0x0000000088300000| Untracked 
| 112|0x0000000088400000, 0x0000000088400000, 0x0000000088500000|  0%| F|  |TAMS 0x0000000088400000, 0x0000000088400000| Untracked 
| 113|0x0000000088500000, 0x0000000088500000, 0x0000000088600000|  0%| F|  |TAMS 0x0000000088500000, 0x0000000088500000| Untracked 
| 114|0x0000000088600000, 0x0000000088600000, 0x0000000088700000|  0%| F|  |TAMS 0x0000000088600000, 0x0000000088600000| Untracked 
| 115|0x0000000088700000, 0x0000000088700000, 0x0000000088800000|  0%| F|  |TAMS 0x0000000088700000, 0x0000000088700000| Untracked 
| 116|0x0000000088800000, 0x0000000088800800, 0x0000000088900000|  0%| E|  |TAMS 0x0000000088800000, 0x0000000088800000| Complete 
| 117|0x0000000088900000, 0x0000000088a00000, 0x0000000088a00000|100%| E|CS|TAMS 0x0000000088900000, 0x0000000088900000| Complete 
| 118|0x0000000088a00000, 0x0000000088b00000, 0x0000000088b00000|100%| E|CS|TAMS 0x0000000088a00000, 0x0000000088a00000| Complete 
| 119|0x0000000088b00000, 0x0000000088c00000, 0x0000000088c00000|100%| E|CS|TAMS 0x0000000088b00000, 0x0000000088b00000| Complete 
| 120|0x0000000088c00000, 0x0000000088d00000, 0x0000000088d00000|100%| E|CS|TAMS 0x0000000088c00000, 0x0000000088c00000| Complete 
| 121|0x0000000088d00000, 0x0000000088e00000, 0x0000000088e00000|100%| E|CS|TAMS 0x0000000088d00000, 0x0000000088d00000| Complete 
| 122|0x0000000088e00000, 0x0000000088f00000, 0x0000000088f00000|100%| E|CS|TAMS 0x0000000088e00000, 0x0000000088e00000| Complete 
| 123|0x0000000088f00000, 0x0000000089000000, 0x0000000089000000|100%| E|CS|TAMS 0x0000000088f00000, 0x0000000088f00000| Complete 
| 124|0x0000000089000000, 0x0000000089100000, 0x0000000089100000|100%| E|CS|TAMS 0x0000000089000000, 0x0000000089000000| Complete 
| 125|0x0000000089100000, 0x0000000089200000, 0x0000000089200000|100%| E|CS|TAMS 0x0000000089100000, 0x0000000089100000| Complete 
| 126|0x0000000089200000, 0x0000000089300000, 0x0000000089300000|100%| E|CS|TAMS 0x0000000089200000, 0x0000000089200000| Complete 
| 127|0x0000000089300000, 0x0000000089400000, 0x0000000089400000|100%| E|CS|TAMS 0x0000000089300000, 0x0000000089300000| Complete 

Card table byte_map: [0x00000189e81f0000,0x00000189e85f0000] _byte_map_base: 0x00000189e7de6000

Marking Bits (Prev, Next): (CMBitMap*) 0x00000189d15be910, (CMBitMap*) 0x00000189d15be950
 Prev Bits: [0x00000189e89f0000, 0x00000189ea9a0000)
 Next Bits: [0x00000189ea9a0000, 0x00000189ec950000)

Polling page: 0x00000189d0d40000

Metaspace:

Usage:
  Non-class:      2.97 MB used.
      Class:    347.95 KB used.
       Both:      3.31 MB used.

Virtual space:
  Non-class space:        8.00 MB reserved,       3.06 MB ( 38%) committed,  1 nodes.
      Class space:        1.00 GB reserved,     448.00 KB ( <1%) committed,  1 nodes.
             Both:        1.01 GB reserved,       3.50 MB ( <1%) committed. 

Chunk freelists:
   Non-Class:  2.85 MB
       Class:  3.54 MB
        Both:  6.39 MB

MaxMetaspaceSize: unlimited
CompressedClassSpaceSize: 1.00 GB
Initial GC threshold: 21.00 MB
Current GC threshold: 21.00 MB
CDS: on
MetaspaceReclaimPolicy: balanced
 - commit_granule_bytes: 65536.
 - commit_granule_words: 8192.
 - virtual_space_node_default_size: 1048576.
 - enlarge_chunks_in_place: 1.
 - new_chunks_are_fully_committed: 0.
 - uncommit_free_chunks: 1.
 - use_allocation_guard: 0.
 - handle_deallocations: 1.


Internal statistics:

num_allocs_failed_limit: 0.
num_arena_births: 94.
num_arena_deaths: 0.
num_vsnodes_births: 2.
num_vsnodes_deaths: 0.
num_space_committed: 56.
num_space_uncommitted: 0.
num_chunks_returned_to_freelist: 0.
num_chunks_taken_from_freelist: 162.
num_chunk_merges: 0.
num_chunk_splits: 105.
num_chunks_enlarged: 72.
num_purges: 0.
num_inconsistent_stats: 0.

CodeHeap 'non-profiled nmethods': size=120000Kb used=254Kb max_used=254Kb free=119745Kb
 bounds [0x00000189e08c0000, 0x00000189e0b30000, 0x00000189e7df0000]
CodeHeap 'profiled nmethods': size=120000Kb used=1490Kb max_used=1490Kb free=118509Kb
 bounds [0x00000189d8df0000, 0x00000189d9060000, 0x00000189e0320000]
CodeHeap 'non-nmethods': size=5760Kb used=1166Kb max_used=1182Kb free=4593Kb
 bounds [0x00000189e0320000, 0x00000189e0590000, 0x00000189e08c0000]
 total_blobs=1282 nmethods=822 adapters=373
 compilation: enabled
              stopped_count=0, restarted_count=0
 full_count=0

Compilation events (20 events):
Event: 0.595 Thread 0x00000189eee09460  809       3       jdk.internal.org.objectweb.asm.ByteVector::putByteArray (49 bytes)
Event: 0.596 Thread 0x00000189eee09460 nmethod 809 0x00000189d8f5f690 code [0x00000189d8f5f840, 0x00000189d8f5fb18]
Event: 0.596 Thread 0x00000189eee09460  808       3       jdk.internal.org.objectweb.asm.Label::resolve (219 bytes)
Event: 0.596 Thread 0x00000189eee09460 nmethod 808 0x00000189d8f5fc10 code [0x00000189d8f5fde0, 0x00000189d8f60318]
Event: 0.597 Thread 0x00000189eee09460  810       3       java.lang.invoke.MemberName::isCallerSensitive (8 bytes)
Event: 0.598 Thread 0x00000189eee09460 nmethod 810 0x00000189d8f60610 code [0x00000189d8f607c0, 0x00000189d8f609f8]
Event: 0.598 Thread 0x00000189eee09460  811       1       java.lang.invoke.InfoFromMemberName::getReferenceKind (5 bytes)
Event: 0.598 Thread 0x00000189eee09460 nmethod 811 0x00000189e08fe890 code [0x00000189e08fea20, 0x00000189e08feaf8]
Event: 0.599 Thread 0x00000189eee09460  813       3       java.lang.invoke.MethodHandles$Lookup::checkAccess (232 bytes)
Event: 0.600 Thread 0x00000189eee09460 nmethod 813 0x00000189d8f60b10 code [0x00000189d8f60e00, 0x00000189d8f61e98]
Event: 0.600 Thread 0x00000189eee09460  814       3       jdk.internal.org.objectweb.asm.MethodWriter::visitInsn (115 bytes)
Event: 0.600 Thread 0x00000189eee09460 nmethod 814 0x00000189d8f62310 code [0x00000189d8f624e0, 0x00000189d8f62908]
Event: 0.600 Thread 0x00000189eee09460  816       3       sun.invoke.util.BytecodeDescriptor::unparseSig (49 bytes)
Event: 0.600 Thread 0x00000189eee09460 nmethod 816 0x00000189d8f62a90 code [0x00000189d8f62cc0, 0x00000189d8f631e8]
Event: 0.600 Thread 0x00000189eee09460  820       3       java.lang.invoke.InvokerBytecodeGenerator::getInternalName (103 bytes)
Event: 0.601 Thread 0x00000189eee09460 nmethod 820 0x00000189d8f63410 code [0x00000189d8f63620, 0x00000189d8f63b78]
Event: 0.601 Thread 0x00000189eee09460  818       3       java.lang.invoke.MethodTypeForm::cachedLambdaForm (23 bytes)
Event: 0.601 Thread 0x00000189eee09460 nmethod 818 0x00000189d8f63c90 code [0x00000189d8f63e40, 0x00000189d8f641a8]
Event: 0.601 Thread 0x00000189eee09460  822       3       java.lang.invoke.MethodHandles$Lookup::checkSymbolicClass (25 bytes)
Event: 0.602 Thread 0x00000189eee09460 nmethod 822 0x00000189d8f64310 code [0x00000189d8f644e0, 0x00000189d8f64748]

GC Heap History (0 events):
No events

Deoptimization events (4 events):
Event: 0.496 Thread 0x00000189ef9b5620 DEOPT PACKING pc=0x00000189d8ef9bf7 sp=0x00000051abefec20
Event: 0.496 Thread 0x00000189ef9b5620 DEOPT UNPACKING pc=0x00000189e0372b43 sp=0x00000051abefe040 mode 0
Event: 0.507 Thread 0x00000189ef9b5620 DEOPT PACKING pc=0x00000189d8ed8d52 sp=0x00000051abefec70
Event: 0.507 Thread 0x00000189ef9b5620 DEOPT UNPACKING pc=0x00000189e0372b43 sp=0x00000051abefe108 mode 0

Classes unloaded (0 events):
No events

Classes redefined (0 events):
No events

Internal exceptions (10 events):
Event: 0.121 Thread 0x00000189d15630c0 Exception <a 'java/lang/NoSuchMethodError'{0x000000008911a110}: 'java.lang.Object java.lang.invoke.DirectMethodHandle$Holder.invokeStaticInit(java.lang.Object)'> (0x000000008911a110) 
thrown [s\open\src\hotspot\share\interpreter\linkResolver.cpp, line 759]
Event: 0.133 Thread 0x00000189d15630c0 Exception <a 'java/lang/NoSuchMethodError'{0x00000000891492c0}: 'java.lang.Object java.lang.invoke.DirectMethodHandle$Holder.newInvokeSpecial(java.lang.Object, java.lang.Object, java.lang.Object, java.lang.Object, java.lang.Object)'> (0x00000000891492c0) 
thrown [s\open\src\hotspot\share\interpreter\linkResolver.cpp, line 759]
Event: 0.135 Thread 0x00000189ef9b5620 Exception <a 'java/lang/NoSuchMethodError'{0x000000008918f5b8}: 'void java.lang.invoke.DirectMethodHandle$Holder.invokeStatic(java.lang.Object, java.lang.Object)'> (0x000000008918f5b8) 
thrown [s\open\src\hotspot\share\interpreter\linkResolver.cpp, line 759]
Event: 0.205 Thread 0x00000189ef9b5620 Exception <a 'java/lang/NoSuchMethodError'{0x00000000890e8730}: 'void java.lang.invoke.DirectMethodHandle$Holder.invokeSpecial(java.lang.Object, java.lang.Object, java.lang.Object)'> (0x00000000890e8730) 
thrown [s\open\src\hotspot\share\interpreter\linkResolver.cpp, line 759]
Event: 0.216 Thread 0x00000189ef9b5620 Exception <a 'java/lang/ClassNotFoundException'{0x0000000088f15280}: sun/util/logging/resources/spi/loggingProvider> (0x0000000088f15280) 
thrown [s\open\src\hotspot\share\classfile\systemDictionary.cpp, line 256]
Event: 0.552 Thread 0x00000189ef9b5620 Exception <a 'java/lang/NoSuchMethodError'{0x0000000088a65c58}: 'void java.lang.invoke.DirectMethodHandle$Holder.invokeStatic(java.lang.Object, java.lang.Object, java.lang.Object)'> (0x0000000088a65c58) 
thrown [s\open\src\hotspot\share\interpreter\linkResolver.cpp, line 759]
Event: 0.572 Thread 0x00000189ef9b5620 Exception <a 'java/lang/NoSuchMethodError'{0x0000000088a7fd00}: 'int java.lang.invoke.DirectMethodHandle$Holder.invokeStaticInit(java.lang.Object, java.lang.Object, java.lang.Object)'> (0x0000000088a7fd00) 
thrown [s\open\src\hotspot\share\interpreter\linkResolver.cpp, line 759]
Event: 0.594 Thread 0x00000189ef9b5620 Exception <a 'java/lang/NoSuchMethodError'{0x0000000088992580}: notifyThemeChanged> (0x0000000088992580) 
thrown [s\open\src\hotspot\share\prims\jni.cpp, line 1073]
Event: 0.599 Thread 0x00000189ef9b5620 Exception <a 'java/lang/NoSuchMethodError'{0x00000000889a5c48}: 'java.lang.Object java.lang.invoke.DirectMethodHandle$Holder.newInvokeSpecial(java.lang.Object, java.lang.Object, int, java.lang.Object)'> (0x00000000889a5c48) 
thrown [s\open\src\hotspot\share\interpreter\linkResolver.cpp, line 759]
Event: 0.600 Thread 0x00000189ef9b5620 Exception <a 'java/lang/NoSuchMethodError'{0x00000000889a9d80}: 'java.lang.Object java.lang.invoke.DirectMethodHandle$Holder.invokeSpecial(java.lang.Object, java.lang.Object, java.lang.Object, int, java.lang.Object)'> (0x00000000889a9d80) 
thrown [s\open\src\hotspot\share\interpreter\linkResolver.cpp, line 759]

VM Operations (6 events):
Event: 0.111 Executing VM operation: HandshakeAllThreads
Event: 0.111 Executing VM operation: HandshakeAllThreads done
Event: 0.266 Executing VM operation: HandshakeAllThreads
Event: 0.266 Executing VM operation: HandshakeAllThreads done
Event: 0.585 Executing VM operation: HandshakeAllThreads
Event: 0.585 Executing VM operation: HandshakeAllThreads done

Events (20 events):
Event: 0.585 loading class java/lang/ProcessEnvironment$NameComparator done
Event: 0.585 loading class java/lang/ProcessEnvironment$EntryComparator
Event: 0.585 loading class java/lang/ProcessEnvironment$EntryComparator done
Event: 0.585 loading class java/lang/ProcessEnvironment$CheckedEntrySet
Event: 0.585 loading class java/lang/ProcessEnvironment$CheckedEntrySet done
Event: 0.585 loading class java/lang/ProcessEnvironment$CheckedEntrySet$1
Event: 0.585 loading class java/lang/ProcessEnvironment$CheckedEntrySet$1 done
Event: 0.585 loading class java/lang/ProcessEnvironment$CheckedEntry
Event: 0.585 loading class java/lang/ProcessEnvironment$CheckedEntry done
Event: 0.593 Loaded shared library C:\Users\ead\.openjfx\cache\22+30\amd64\glass.dll
Event: 0.594 loading class java/lang/Throwable$WrappedPrintStream
Event: 0.594 loading class java/lang/Throwable$PrintStreamOrWriter
Event: 0.594 loading class java/lang/Throwable$PrintStreamOrWriter done
Event: 0.594 loading class java/lang/Throwable$WrappedPrintStream done
Event: 0.596 loading class java/util/concurrent/BlockingDeque
Event: 0.597 loading class java/util/concurrent/BlockingDeque done
Event: 0.597 loading class java/util/concurrent/LinkedBlockingDeque
Event: 0.597 loading class java/util/concurrent/LinkedBlockingDeque done
Event: 0.597 Thread 0x00000189f00bb420 Thread added: 0x00000189f00bb420
Event: 0.603 Thread 0x00000189f00bc1f0 Thread added: 0x00000189f00bc1f0


Dynamic libraries:
0x00007ff674450000 - 0x00007ff674460000 	C:\Program Files\Java\jdk-17\bin\javaw.exe
0x00007ff83b070000 - 0x00007ff83b268000 	C:\Windows\SYSTEM32\ntdll.dll
0x00007ff83a4c0000 - 0x00007ff83a57d000 	C:\Windows\System32\KERNEL32.DLL
0x00007ff8388a0000 - 0x00007ff838b96000 	C:\Windows\System32\KERNELBASE.dll
0x00007ff838fa0000 - 0x00007ff8390a0000 	C:\Windows\System32\ucrtbase.dll
0x00007ff821390000 - 0x00007ff8213a9000 	C:\Program Files\Java\jdk-17\bin\jli.dll
0x00007ff8391a0000 - 0x00007ff839250000 	C:\Windows\System32\ADVAPI32.dll
0x00007ff83a330000 - 0x00007ff83a3ce000 	C:\Windows\System32\msvcrt.dll
0x00007ff816f00000 - 0x00007ff816f1b000 	C:\Program Files\Java\jdk-17\bin\VCRUNTIME140.dll
0x00007ff83abf0000 - 0x00007ff83ac90000 	C:\Windows\System32\sechost.dll
0x00007ff83a580000 - 0x00007ff83a6a3000 	C:\Windows\System32\RPCRT4.dll
0x00007ff8387c0000 - 0x00007ff8387e7000 	C:\Windows\System32\bcrypt.dll
0x00007ff83a120000 - 0x00007ff83a2bf000 	C:\Windows\System32\USER32.dll
0x00007ff838720000 - 0x00007ff838742000 	C:\Windows\System32\win32u.dll
0x00007ff83b000000 - 0x00007ff83b02b000 	C:\Windows\System32\GDI32.dll
0x00007ff838ba0000 - 0x00007ff838cb7000 	C:\Windows\System32\gdi32full.dll
0x00007ff838f00000 - 0x00007ff838f9d000 	C:\Windows\System32\msvcp_win.dll
0x00007ff82f760000 - 0x00007ff82f9fa000 	C:\Windows\WinSxS\amd64_microsoft.windows.common-controls_6595b64144ccf1df_6.0.19041.3636_none_60b6a03d71f818d5\COMCTL32.dll
0x00007ff82d7d0000 - 0x00007ff82d7da000 	C:\Windows\SYSTEM32\VERSION.dll
0x00007ff839250000 - 0x00007ff839282000 	C:\Windows\System32\IMM32.DLL
0x00007ff826000000 - 0x00007ff82600c000 	C:\Program Files\Java\jdk-17\bin\vcruntime140_1.dll
0x00007fffef2d0000 - 0x00007fffef35e000 	C:\Program Files\Java\jdk-17\bin\msvcp140.dll
0x00007fffce410000 - 0x00007fffcefed000 	C:\Program Files\Java\jdk-17\bin\server\jvm.dll
0x00007ff83acf0000 - 0x00007ff83acf8000 	C:\Windows\System32\PSAPI.DLL
0x00007ff82c2c0000 - 0x00007ff82c2c9000 	C:\Windows\SYSTEM32\WSOCK32.dll
0x00007ff83a2c0000 - 0x00007ff83a32b000 	C:\Windows\System32\WS2_32.dll
0x00007ff82d250000 - 0x00007ff82d277000 	C:\Windows\SYSTEM32\WINMM.dll
0x00007ff8363b0000 - 0x00007ff8363c2000 	C:\Windows\SYSTEM32\kernel.appcore.dll
0x00007ff82d800000 - 0x00007ff82d80a000 	C:\Program Files\Java\jdk-17\bin\jimage.dll
0x00007ff8286b0000 - 0x00007ff828894000 	C:\Windows\SYSTEM32\DBGHELP.DLL
0x00007ff828670000 - 0x00007ff8286a4000 	C:\Windows\SYSTEM32\dbgcore.DLL
0x00007ff838cc0000 - 0x00007ff838d42000 	C:\Windows\System32\bcryptPrimitives.dll
0x00007ff80e7a0000 - 0x00007ff80e7c5000 	C:\Program Files\Java\jdk-17\bin\java.dll
0x00007fffedae0000 - 0x00007fffedbb7000 	C:\Program Files\Java\jdk-17\bin\jsvml.dll
0x00007ff839410000 - 0x00007ff839b7b000 	C:\Windows\System32\SHELL32.dll
0x00007ff8365b0000 - 0x00007ff836d4e000 	C:\Windows\SYSTEM32\windows.storage.dll
0x00007ff83a710000 - 0x00007ff83aa63000 	C:\Windows\System32\combase.dll
0x00007ff837fa0000 - 0x00007ff837fce000 	C:\Windows\SYSTEM32\Wldp.dll
0x00007ff839340000 - 0x00007ff83940d000 	C:\Windows\System32\OLEAUT32.dll
0x00007ff839290000 - 0x00007ff83933d000 	C:\Windows\System32\SHCORE.dll
0x00007ff83ac90000 - 0x00007ff83ace5000 	C:\Windows\System32\shlwapi.dll
0x00007ff838650000 - 0x00007ff838673000 	C:\Windows\SYSTEM32\profapi.dll
0x00007ff816880000 - 0x00007ff816899000 	C:\Program Files\Java\jdk-17\bin\net.dll
0x00007ff834400000 - 0x00007ff83450a000 	C:\Windows\SYSTEM32\WINHTTP.dll
0x00007ff837d80000 - 0x00007ff837dea000 	C:\Windows\system32\mswsock.dll
0x00007ff80e650000 - 0x00007ff80e666000 	C:\Program Files\Java\jdk-17\bin\nio.dll
0x00007ff80cd40000 - 0x00007ff80cd58000 	C:\Program Files\Java\jdk-17\bin\zip.dll
0x00000189d1510000 - 0x00000189d1513000 	C:\Users\ead\.openjfx\cache\22+30\amd64\api-ms-win-core-console-l1-1-0.dll
0x00000189d1520000 - 0x00000189d1523000 	C:\Program Files\Java\jdk-17\bin\api-ms-win-core-console-l1-2-0.dll
0x00000189d1530000 - 0x00000189d1533000 	C:\Users\ead\.openjfx\cache\22+30\amd64\api-ms-win-core-datetime-l1-1-0.dll
0x00000189eefb0000 - 0x00000189eefb3000 	C:\Users\ead\.openjfx\cache\22+30\amd64\api-ms-win-core-debug-l1-1-0.dll
0x00000189eefc0000 - 0x00000189eefc3000 	C:\Users\ead\.openjfx\cache\22+30\amd64\api-ms-win-core-errorhandling-l1-1-0.dll
0x00000189eefd0000 - 0x00000189eefd4000 	C:\Users\ead\.openjfx\cache\22+30\amd64\api-ms-win-core-file-l1-1-0.dll
0x00000189eefe0000 - 0x00000189eefe3000 	C:\Users\ead\.openjfx\cache\22+30\amd64\api-ms-win-core-file-l1-2-0.dll
0x00000189eeff0000 - 0x00000189eeff3000 	C:\Users\ead\.openjfx\cache\22+30\amd64\api-ms-win-core-file-l2-1-0.dll
0x00000189f0400000 - 0x00000189f0403000 	C:\Users\ead\.openjfx\cache\22+30\amd64\api-ms-win-core-handle-l1-1-0.dll
0x00000189f0410000 - 0x00000189f0413000 	C:\Users\ead\.openjfx\cache\22+30\amd64\api-ms-win-core-heap-l1-1-0.dll
0x00000189f0420000 - 0x00000189f0423000 	C:\Users\ead\.openjfx\cache\22+30\amd64\api-ms-win-core-interlocked-l1-1-0.dll
0x00000189f0430000 - 0x00000189f0433000 	C:\Users\ead\.openjfx\cache\22+30\amd64\api-ms-win-core-libraryloader-l1-1-0.dll
0x00000189f0440000 - 0x00000189f0443000 	C:\Users\ead\.openjfx\cache\22+30\amd64\api-ms-win-core-localization-l1-2-0.dll
0x00000189f0450000 - 0x00000189f0453000 	C:\Users\ead\.openjfx\cache\22+30\amd64\api-ms-win-core-memory-l1-1-0.dll
0x00000189f0460000 - 0x00000189f0463000 	C:\Users\ead\.openjfx\cache\22+30\amd64\api-ms-win-core-namedpipe-l1-1-0.dll
0x00000189f0470000 - 0x00000189f0473000 	C:\Users\ead\.openjfx\cache\22+30\amd64\api-ms-win-core-processenvironment-l1-1-0.dll
0x00000189f0480000 - 0x00000189f0483000 	C:\Users\ead\.openjfx\cache\22+30\amd64\api-ms-win-core-processthreads-l1-1-0.dll
0x00000189f0490000 - 0x00000189f0493000 	C:\Users\ead\.openjfx\cache\22+30\amd64\api-ms-win-core-processthreads-l1-1-1.dll
0x00000189f04a0000 - 0x00000189f04a3000 	C:\Users\ead\.openjfx\cache\22+30\amd64\api-ms-win-core-profile-l1-1-0.dll
0x00000189f04b0000 - 0x00000189f04b3000 	C:\Users\ead\.openjfx\cache\22+30\amd64\api-ms-win-core-rtlsupport-l1-1-0.dll
0x00000189f04c0000 - 0x00000189f04c3000 	C:\Users\ead\.openjfx\cache\22+30\amd64\api-ms-win-core-string-l1-1-0.dll
0x00000189f04d0000 - 0x00000189f04d3000 	C:\Users\ead\.openjfx\cache\22+30\amd64\api-ms-win-core-synch-l1-1-0.dll
0x00000189f04e0000 - 0x00000189f04e3000 	C:\Users\ead\.openjfx\cache\22+30\amd64\api-ms-win-core-synch-l1-2-0.dll
0x00000189f04f0000 - 0x00000189f04f3000 	C:\Users\ead\.openjfx\cache\22+30\amd64\api-ms-win-core-sysinfo-l1-1-0.dll
0x00000189f0500000 - 0x00000189f0503000 	C:\Users\ead\.openjfx\cache\22+30\amd64\api-ms-win-core-timezone-l1-1-0.dll
0x00000189f0510000 - 0x00000189f0513000 	C:\Users\ead\.openjfx\cache\22+30\amd64\api-ms-win-core-util-l1-1-0.dll
0x00000189f0520000 - 0x00000189f0523000 	C:\Users\ead\.openjfx\cache\22+30\amd64\api-ms-win-crt-conio-l1-1-0.dll
0x00000189f0530000 - 0x00000189f0534000 	C:\Users\ead\.openjfx\cache\22+30\amd64\api-ms-win-crt-convert-l1-1-0.dll
0x00000189f0540000 - 0x00000189f0543000 	C:\Users\ead\.openjfx\cache\22+30\amd64\api-ms-win-crt-environment-l1-1-0.dll
0x00000189f0550000 - 0x00000189f0553000 	C:\Users\ead\.openjfx\cache\22+30\amd64\api-ms-win-crt-filesystem-l1-1-0.dll
0x00000189f0560000 - 0x00000189f0563000 	C:\Users\ead\.openjfx\cache\22+30\amd64\api-ms-win-crt-heap-l1-1-0.dll
0x00000189f0570000 - 0x00000189f0573000 	C:\Users\ead\.openjfx\cache\22+30\amd64\api-ms-win-crt-locale-l1-1-0.dll
0x00000189f0580000 - 0x00000189f0585000 	C:\Users\ead\.openjfx\cache\22+30\amd64\api-ms-win-crt-math-l1-1-0.dll
0x00000189f0590000 - 0x00000189f0595000 	C:\Users\ead\.openjfx\cache\22+30\amd64\api-ms-win-crt-multibyte-l1-1-0.dll
0x00000189f05a0000 - 0x00000189f05b0000 	C:\Users\ead\.openjfx\cache\22+30\amd64\api-ms-win-crt-private-l1-1-0.dll
0x00000189f05b0000 - 0x00000189f05b3000 	C:\Users\ead\.openjfx\cache\22+30\amd64\api-ms-win-crt-process-l1-1-0.dll
0x00000189f05c0000 - 0x00000189f05c4000 	C:\Users\ead\.openjfx\cache\22+30\amd64\api-ms-win-crt-runtime-l1-1-0.dll
0x00000189f05d0000 - 0x00000189f05d4000 	C:\Users\ead\.openjfx\cache\22+30\amd64\api-ms-win-crt-stdio-l1-1-0.dll
0x00000189f05e0000 - 0x00000189f05e4000 	C:\Users\ead\.openjfx\cache\22+30\amd64\api-ms-win-crt-string-l1-1-0.dll
0x00000189f05f0000 - 0x00000189f05f3000 	C:\Users\ead\.openjfx\cache\22+30\amd64\api-ms-win-crt-time-l1-1-0.dll
0x00000189f0600000 - 0x00000189f0603000 	C:\Users\ead\.openjfx\cache\22+30\amd64\api-ms-win-crt-utility-l1-1-0.dll
0x00007fffef1d0000 - 0x00007fffef2ca000 	C:\Users\ead\.openjfx\cache\22+30\amd64\ucrtbase.dll
0x00007ff816a10000 - 0x00007ff816a26000 	C:\Users\ead\.openjfx\cache\22+30\amd64\vcruntime140.dll
0x00007fffe80b0000 - 0x00007fffe8156000 	C:\Users\ead\.openjfx\cache\22+30\amd64\msvcp140.dll
0x00007ff825800000 - 0x00007ff825809000 	C:\Windows\System32\msvcp140_1.dll
0x00007ff8118b0000 - 0x00007ff8118df000 	C:\Windows\System32\msvcp140_2.dll
0x00007ff810e10000 - 0x00007ff810e33000 	C:\Users\ead\.openjfx\cache\22+30\amd64\prism_d3d.dll
0x00007fffe7b90000 - 0x00007fffe7d5d000 	C:\Windows\system32\d3d9.dll
0x00007ff8360c0000 - 0x00007ff8360ef000 	C:\Windows\SYSTEM32\dwmapi.dll
0x00007ff835ee0000 - 0x00007ff835f7e000 	C:\Windows\system32\uxtheme.dll
0x00007fffc29d0000 - 0x00007fffc343e000 	C:\Windows\SYSTEM32\igdumdim64.dll
0x00007ff82f050000 - 0x00007ff82f4af000 	C:\Windows\SYSTEM32\igdusc64.dll
0x00007ff80ed90000 - 0x00007ff80edd5000 	C:\Users\ead\.openjfx\cache\22+30\amd64\glass.dll
0x00007ff83a3e0000 - 0x00007ff83a4ba000 	C:\Windows\System32\COMDLG32.dll
0x00007ff839ff0000 - 0x00007ff83a11b000 	C:\Windows\System32\ole32.dll
0x00007ff83aad0000 - 0x00007ff83abe5000 	C:\Windows\System32\MSCTF.dll

dbghelp: loaded successfully - version: 4.0.5 - missing functions: none
symbol engine: initialized successfully - sym options: 0x614 - pdb path: .;C:\Program Files\Java\jdk-17\bin;C:\Windows\SYSTEM32;C:\Windows\WinSxS\amd64_microsoft.windows.common-controls_6595b64144ccf1df_6.0.19041.3636_none_60b6a03d71f818d5;C:\Program Files\Java\jdk-17\bin\server;C:\Users\ead\.openjfx\cache\22+30\amd64

VM Arguments:
jvm_args: -Dfile.encoding=UTF-8 -XX:+ShowCodeDetailsInExceptionMessages 
java_command: br.com.caelum.contas.main.TestaJar
java_class_path (initial): C:\Users\ead\Desktop\eclipse-workspace\fj11-contas\bin;C:\Users\ead\Desktop\eclipse-workspace\Bibliotecas jar\javafx.base.jar;C:\Users\ead\Desktop\eclipse-workspace\Bibliotecas jar\javafx.controls.jar;C:\Users\ead\Desktop\eclipse-workspace\Bibliotecas jar\javafx.fxml.jar;C:\Users\ead\Desktop\eclipse-workspace\Bibliotecas jar\javafx.graphics.jar;C:\Users\ead\Desktop\eclipse-workspace\Bibliotecas jar\javafx.media.jar;C:\Users\ead\Desktop\eclipse-workspace\Bibliotecas jar\javafx.swing.jar;C:\Users\ead\Desktop\eclipse-workspace\Bibliotecas jar\javafx.web.jar;C:\Users\ead\Desktop\eclipse-workspace\Bibliotecas jar\javafx-swt.jar;C:\Users\ead\Downloads\fj11-lib-contas.jar
Launcher Type: SUN_STANDARD

[Global flags]
     intx CICompilerCount                          = 3                                         {product} {ergonomic}
     uint ConcGCThreads                            = 1                                         {product} {ergonomic}
     uint G1ConcRefinementThreads                  = 4                                         {product} {ergonomic}
   size_t G1HeapRegionSize                         = 1048576                                   {product} {ergonomic}
    uintx GCDrainStackTargetSize                   = 64                                        {product} {ergonomic}
   size_t InitialHeapSize                          = 134217728                                 {product} {ergonomic}
   size_t MarkStackSize                            = 4194304                                   {product} {ergonomic}
   size_t MaxHeapSize                              = 2126512128                                {product} {ergonomic}
   size_t MaxNewSize                               = 1275068416                                {product} {ergonomic}
   size_t MinHeapDeltaBytes                        = 1048576                                   {product} {ergonomic}
   size_t MinHeapSize                              = 8388608                                   {product} {ergonomic}
    uintx NonNMethodCodeHeapSize                   = 5832780                                {pd product} {ergonomic}
    uintx NonProfiledCodeHeapSize                  = 122912730                              {pd product} {ergonomic}
    uintx ProfiledCodeHeapSize                     = 122912730                              {pd product} {ergonomic}
    uintx ReservedCodeCacheSize                    = 251658240                              {pd product} {ergonomic}
     bool SegmentedCodeCache                       = true                                      {product} {ergonomic}
     bool ShowCodeDetailsInExceptionMessages       = true                                   {manageable} {command line}
   size_t SoftMaxHeapSize                          = 2126512128                             {manageable} {ergonomic}
     bool UseCompressedClassPointers               = true                           {product lp64_product} {ergonomic}
     bool UseCompressedOops                        = true                           {product lp64_product} {ergonomic}
     bool UseG1GC                                  = true                                      {product} {ergonomic}
     bool UseLargePagesIndividualAllocation        = false                                  {pd product} {ergonomic}

Logging:
Log output configuration:
 #0: stdout all=warning uptime,level,tags
 #1: stderr all=off uptime,level,tags

Environment Variables:
PATH=C:/Program Files/Java/jdk-17/bin/server;C:/Program Files/Java/jdk-17/bin;C:\Program Files\Microsoft\jdk-11.0.16.101-hotspot\bin;C:\Program Files\Common Files\Oracle\Java\javapath;C:\Program Files (x86)\Common Files\Oracle\Java\javapath;C:\Windows\system32;C:\Windows;C:\Windows\System32\Wbem;C:\Windows\System32\WindowsPowerShell\v1.0\;C:\Windows\System32\OpenSSH\;C:\Program Files\nodejs\;C:\Program Files\PuTTY\;C:\Program Files\Microsoft SQL Server\150\Tools\Binn\;C:\Program Files\Microsoft SQL Server\Client SDK\ODBC\170\Tools\Binn\;C:\Program Files\dotnet\;C:\xampp\php;C:\composer;C:\Program Files (x86)\Microsoft SQL Server\160\DTS\Binn\;C:\Program Files\Azure Data Studio\bin;C:\Program Files (x86)\Microsoft SQL Server\160\Tools\Binn\;C:\Program Files\Microsoft SQL Server\160\Tools\Binn\;C:\Program Files\Microsoft SQL Server\160\DTS\Binn\;C:\Program Files\Docker\Docker\resources\bin;C:\Users\ead\AppData\Local\Microsoft\WindowsApps;C:\Users\ead\AppData\Roaming\npm;C:\Users\ead\AppData\Local\Programs\Microsoft VS Code\bin;C:\Users\ead\AppData\Local\Programs\Git\cmd;C:\Users\ead\AppData\Local\GitHubDesktop\bin;C:\Program Files\MySQL\MySQL Server 8.0\bin;C:\Program Files\MySQL\MySQL Shell 8.0\bin;;C:\Users\ead\Desktop;
USERNAME=ead
OS=Windows_NT
PROCESSOR_IDENTIFIER=Intel64 Family 6 Model 58 Stepping 9, GenuineIntel



---------------  S Y S T E M  ---------------

OS:
 Windows 10 , 64 bit Build 19041 (10.0.19041.3636)
OS uptime: 20 days 11:34 hours
Hyper-V role detected

CPU: total 4 (initial active 4) (4 cores per cpu, 1 threads per core) family 6 model 58 stepping 9 microcode 0x21, cx8, cmov, fxsr, mmx, sse, sse2, sse3, ssse3, sse4.1, sse4.2, popcnt, tsc, tscinvbit, avx, aes, erms, clmul, vzeroupper, clflush, hv

Memory: 4k page, system-wide physical 8110M (2920M free)
TotalPageFile size 11492M (AvailPageFile size 3771M)
current process WorkingSet (physical memory assigned to process): 60M, peak: 60M
current process commit charge ("private bytes"): 217M, peak: 217M

vm_info: Java HotSpot(TM) 64-Bit Server VM (17.0.7+8-LTS-224) for windows-amd64 JRE (17.0.7+8-LTS-224), built on Feb 28 2023 23:03:02 by "mach5one" with MS VC++ 17.1 (VS2022)

END.
